#
# There is insufficient memory for the Java Runtime Environment to continue.
# Native memory allocation (mmap) failed to map 29360128 bytes. Error detail: G1 virtual space
# Possible reasons:
#   The system is out of physical RAM or swap space
#   This process is running with CompressedOops enabled, and the Java Heap may be blocking the growth of the native heap
# Possible solutions:
#   Reduce memory load on the system
#   Increase physical memory or swap space
#   Check if swap backing store is full
#   Decrease Java heap size (-Xmx/-Xms)
#   Decrease number of Java threads
#   Decrease Java thread stack sizes (-Xss)
#   Set larger code cache with -XX:ReservedCodeCacheSize=
#   JVM is running with Unscaled Compressed Oops mode in which the Java heap is
#     placed in the first 4GB address space. The Java Heap base address is the
#     maximum limit for the native heap growth. Please use -XX:HeapBaseMinAddress
#     to set the Java Heap base and to place the Java Heap above 4GB virtual address.
# This output file may be truncated or incomplete.
#
#  Out of Memory Error (os_windows.cpp:3825), pid=4152, tid=15400
#
# JRE version: OpenJDK Runtime Environment (17.0.11) (build 17.0.11+0--11852314)
# Java VM: OpenJDK 64-Bit Server VM (17.0.11+0--11852314, mixed mode, tiered, compressed oops, compressed class ptrs, g1 gc, windows-amd64)
# No core dump will be written. Minidumps are not enabled by default on client versions of Windows
#

---------------  S U M M A R Y ------------

Command Line: org.jetbrains.kotlin.cli.jvm.K2JVMCompiler @D:\Users\Korisnik\AndroidStudioProjects\RMAS\app\build\20240916_7221938970047876155.compiler.options

Host: Intel(R) Core(TM) i3-1005G1 CPU @ 1.20GHz, 4 cores, 7G,  Windows 10 , 64 bit Build 19041 (10.0.19041.4842)
Time: Mon Sep 16 14:42:49 2024 Central Europe Daylight Time elapsed time: 7.702602 seconds (0d 0h 0m 7s)

---------------  T H R E A D  ---------------

Current thread (0x000001aaf87d8d20):  VMThread "VM Thread" [stack: 0x0000002c61900000,0x0000002c61a00000] [id=15400]

Stack: [0x0000002c61900000,0x0000002c61a00000]
Native frames: (J=compiled Java code, j=interpreted, Vv=VM code, C=native code)
V  [jvm.dll+0x687bb9]
V  [jvm.dll+0x84142a]
V  [jvm.dll+0x8430ae]
V  [jvm.dll+0x843713]
V  [jvm.dll+0x24a35f]
V  [jvm.dll+0x684989]
V  [jvm.dll+0x67923a]
V  [jvm.dll+0x30af0b]
V  [jvm.dll+0x3123b6]
V  [jvm.dll+0x361dfe]
V  [jvm.dll+0x36202f]
V  [jvm.dll+0x2e0d38]
V  [jvm.dll+0x2df144]
V  [jvm.dll+0x2de74c]
V  [jvm.dll+0x323381]
V  [jvm.dll+0x847e0b]
V  [jvm.dll+0x848b42]
V  [jvm.dll+0x84905d]
V  [jvm.dll+0x849434]
V  [jvm.dll+0x849500]
V  [jvm.dll+0x7efa4a]
V  [jvm.dll+0x686a35]
C  [ucrtbase.dll+0x21bb2]
C  [KERNEL32.DLL+0x17374]
C  [ntdll.dll+0x4cc91]

VM_Operation (0x0000002c612f9f10): G1TryInitiateConcMark, mode: safepoint, requested by thread 0x000001aadf3defe0


---------------  P R O C E S S  ---------------

Threads class SMR info:
_java_thread_list=0x000001aafe050e40, length=12, elements={
0x000001aadf3defe0, 0x000001aaf87ddc80, 0x000001aaf87f2110, 0x000001aaf8a738e0,
0x000001aaf8a743b0, 0x000001aaf8a79530, 0x000001aaf8a79ef0, 0x000001aaf8a7ac90,
0x000001aaf8a910b0, 0x000001aaf8a92600, 0x000001aaf8bee2e0, 0x000001aaf8bfd300
}

Java Threads: ( => current thread )
  0x000001aadf3defe0 JavaThread "main" [_thread_blocked, id=3132, stack(0x0000002c61200000,0x0000002c61300000)]
  0x000001aaf87ddc80 JavaThread "Reference Handler" daemon [_thread_blocked, id=7316, stack(0x0000002c61a00000,0x0000002c61b00000)]
  0x000001aaf87f2110 JavaThread "Finalizer" daemon [_thread_blocked, id=4180, stack(0x0000002c61b00000,0x0000002c61c00000)]
  0x000001aaf8a738e0 JavaThread "Signal Dispatcher" daemon [_thread_blocked, id=19380, stack(0x0000002c61c00000,0x0000002c61d00000)]
  0x000001aaf8a743b0 JavaThread "Attach Listener" daemon [_thread_blocked, id=19252, stack(0x0000002c61d00000,0x0000002c61e00000)]
  0x000001aaf8a79530 JavaThread "Service Thread" daemon [_thread_blocked, id=3120, stack(0x0000002c61e00000,0x0000002c61f00000)]
  0x000001aaf8a79ef0 JavaThread "Monitor Deflation Thread" daemon [_thread_blocked, id=14164, stack(0x0000002c61f00000,0x0000002c62000000)]
  0x000001aaf8a7ac90 JavaThread "C2 CompilerThread0" daemon [_thread_in_native, id=9224, stack(0x0000002c62000000,0x0000002c62100000)]
  0x000001aaf8a910b0 JavaThread "C1 CompilerThread0" daemon [_thread_blocked, id=17192, stack(0x0000002c62100000,0x0000002c62200000)]
  0x000001aaf8a92600 JavaThread "Sweeper thread" daemon [_thread_blocked, id=16720, stack(0x0000002c62200000,0x0000002c62300000)]
  0x000001aaf8bee2e0 JavaThread "Notification Thread" daemon [_thread_blocked, id=1900, stack(0x0000002c62300000,0x0000002c62400000)]
  0x000001aaf8bfd300 JavaThread "Common-Cleaner" daemon [_thread_blocked, id=19036, stack(0x0000002c62500000,0x0000002c62600000)]

Other Threads:
=>0x000001aaf87d8d20 VMThread "VM Thread" [stack: 0x0000002c61900000,0x0000002c61a00000] [id=15400]
  0x000001aaf8beebd0 WatcherThread [stack: 0x0000002c62400000,0x0000002c62500000] [id=9636]
  0x000001aadf438de0 GCTaskThread "GC Thread#0" [stack: 0x0000002c61400000,0x0000002c61500000] [id=16076]
  0x000001aafd1896d0 GCTaskThread "GC Thread#1" [stack: 0x0000002c62600000,0x0000002c62700000] [id=17164]
  0x000001aafd189990 GCTaskThread "GC Thread#2" [stack: 0x0000002c62700000,0x0000002c62800000] [id=5044]
  0x000001aafd1d0860 GCTaskThread "GC Thread#3" [stack: 0x0000002c62800000,0x0000002c62900000] [id=9420]
  0x000001aadf449670 ConcurrentGCThread "G1 Main Marker" [stack: 0x0000002c61500000,0x0000002c61600000] [id=3280]
  0x000001aadf44a970 ConcurrentGCThread "G1 Conc#0" [stack: 0x0000002c61600000,0x0000002c61700000] [id=18784]
  0x000001aadf49e0f0 ConcurrentGCThread "G1 Refine#0" [stack: 0x0000002c61700000,0x0000002c61800000] [id=9852]
  0x000001aadf49eb20 ConcurrentGCThread "G1 Service" [stack: 0x0000002c61800000,0x0000002c61900000] [id=5220]

Threads with active compile tasks:
C2 CompilerThread0     7717 3552       4       java.util.zip.ZipFile$Source::initCEN (591 bytes)

VM state: at safepoint (normal execution)

VM Mutex/Monitor currently owned by a thread:  ([mutex/lock_event])
[0x000001aadf3dbe80] Threads_lock - owner thread: 0x000001aaf87d8d20
[0x000001aadf3db460] Heap_lock - owner thread: 0x000001aadf3defe0

Heap address: 0x0000000083600000, size: 1994 MB, Compressed Oops mode: 32-bit

CDS archive(s) not mapped
Compressed class space mapped at: 0x0000000100000000-0x0000000140000000, reserved size: 1073741824
Narrow klass base: 0x0000000000000000, Narrow klass shift: 3, Narrow klass range: 0x140000000

GC Precious Log:
 CPUs: 4 total, 4 available
 Memory: 7973M
 Large Page Support: Disabled
 NUMA Support: Disabled
 Compressed Oops: Enabled (32-bit)
 Heap Region Size: 1M
 Heap Min Capacity: 8M
 Heap Initial Capacity: 126M
 Heap Max Capacity: 1994M
 Pre-touch: Disabled
 Parallel Workers: 4
 Concurrent Workers: 1
 Concurrent Refinement Workers: 4
 Periodic GC: Disabled

Heap:
 garbage-first heap   total 59392K, used 30796K [0x0000000083600000, 0x0000000100000000)
  region size 1024K, 1 young (1024K), 1 survivors (1024K)
 Metaspace       used 46871K, committed 47040K, reserved 1114112K
  class space    used 5683K, committed 5760K, reserved 1048576K

Heap Regions: E=young(eden), S=young(survivor), O=old, HS=humongous(starts), HC=humongous(continues), CS=collection set, F=free, OA=open archive, CA=closed archive, TAMS=top-at-mark-start (previous, next)
|   0|0x0000000083600000, 0x0000000083700000, 0x0000000083700000|100%|HS|  |TAMS 0x0000000083700000, 0x0000000083700000| Complete 
|   1|0x0000000083700000, 0x0000000083800000, 0x0000000083800000|100%|HC|  |TAMS 0x0000000083800000, 0x0000000083800000| Complete 
|   2|0x0000000083800000, 0x0000000083900000, 0x0000000083900000|100%|HC|  |TAMS 0x0000000083900000, 0x0000000083900000| Complete 
|   3|0x0000000083900000, 0x0000000083a00000, 0x0000000083a00000|100%|HC|  |TAMS 0x0000000083a00000, 0x0000000083a00000| Complete 
|   4|0x0000000083a00000, 0x0000000083af9e00, 0x0000000083b00000| 97%| O|  |TAMS 0x0000000083af9e00, 0x0000000083af9e00| Untracked 
|   5|0x0000000083b00000, 0x0000000083c00000, 0x0000000083c00000|100%| O|  |TAMS 0x0000000083c00000, 0x0000000083c00000| Untracked 
|   6|0x0000000083c00000, 0x0000000083d00000, 0x0000000083d00000|100%| O|  |TAMS 0x0000000083d00000, 0x0000000083d00000| Untracked 
|   7|0x0000000083d00000, 0x0000000083e00000, 0x0000000083e00000|100%| O|  |TAMS 0x0000000083d00000, 0x0000000083e00000| Untracked 
|   8|0x0000000083e00000, 0x0000000083f00000, 0x0000000083f00000|100%| O|  |TAMS 0x0000000083e00000, 0x0000000083f00000| Untracked 
|   9|0x0000000083f00000, 0x0000000084000000, 0x0000000084000000|100%| O|  |TAMS 0x0000000084000000, 0x0000000084000000| Untracked 
|  10|0x0000000084000000, 0x0000000084100000, 0x0000000084100000|100%| O|  |TAMS 0x0000000084100000, 0x0000000084100000| Untracked 
|  11|0x0000000084100000, 0x0000000084200000, 0x0000000084200000|100%| O|  |TAMS 0x0000000084200000, 0x0000000084200000| Untracked 
|  12|0x0000000084200000, 0x0000000084300000, 0x0000000084300000|100%| O|  |TAMS 0x00000000842e6600, 0x0000000084300000| Untracked 
|  13|0x0000000084300000, 0x0000000084400000, 0x0000000084400000|100%| O|  |TAMS 0x0000000084300000, 0x0000000084400000| Untracked 
|  14|0x0000000084400000, 0x0000000084500000, 0x0000000084500000|100%| O|  |TAMS 0x0000000084400000, 0x0000000084500000| Untracked 
|  15|0x0000000084500000, 0x0000000084600000, 0x0000000084600000|100%| O|  |TAMS 0x0000000084500000, 0x0000000084600000| Untracked 
|  16|0x0000000084600000, 0x0000000084700000, 0x0000000084700000|100%| O|  |TAMS 0x0000000084700000, 0x0000000084700000| Untracked 
|  17|0x0000000084700000, 0x0000000084800000, 0x0000000084800000|100%| O|  |TAMS 0x0000000084800000, 0x0000000084800000| Untracked 
|  18|0x0000000084800000, 0x0000000084900000, 0x0000000084900000|100%| O|  |TAMS 0x0000000084900000, 0x0000000084900000| Untracked 
|  19|0x0000000084900000, 0x0000000084a00000, 0x0000000084a00000|100%| O|  |TAMS 0x0000000084900000, 0x0000000084a00000| Untracked 
|  20|0x0000000084a00000, 0x0000000084b00000, 0x0000000084b00000|100%| O|  |TAMS 0x0000000084a00000, 0x0000000084b00000| Untracked 
|  21|0x0000000084b00000, 0x0000000084c00000, 0x0000000084c00000|100%| O|  |TAMS 0x0000000084b00000, 0x0000000084c00000| Untracked 
|  22|0x0000000084c00000, 0x0000000084d00000, 0x0000000084d00000|100%| O|  |TAMS 0x0000000084c00000, 0x0000000084d00000| Untracked 
|  23|0x0000000084d00000, 0x0000000084e00000, 0x0000000084e00000|100%| O|  |TAMS 0x0000000084d00000, 0x0000000084e00000| Untracked 
|  24|0x0000000084e00000, 0x0000000084f00000, 0x0000000084f00000|100%| O|  |TAMS 0x0000000084e00000, 0x0000000084e8a600| Untracked 
|  25|0x0000000084f00000, 0x0000000085000000, 0x0000000085000000|100%| O|  |TAMS 0x0000000084f00000, 0x0000000084f00000| Untracked 
|  26|0x0000000085000000, 0x0000000085100000, 0x0000000085100000|100%| O|  |TAMS 0x0000000085000000, 0x0000000085000000| Untracked 
|  27|0x0000000085100000, 0x0000000085194800, 0x0000000085200000| 58%| O|  |TAMS 0x0000000085100000, 0x0000000085100000| Untracked 
|  28|0x0000000085200000, 0x0000000085200000, 0x0000000085300000|  0%| F|  |TAMS 0x0000000085200000, 0x0000000085200000| Untracked 
|  29|0x0000000085300000, 0x0000000085300000, 0x0000000085400000|  0%| F|  |TAMS 0x0000000085300000, 0x0000000085300000| Untracked 
|  30|0x0000000085400000, 0x0000000085400000, 0x0000000085500000|  0%| F|  |TAMS 0x0000000085400000, 0x0000000085400000| Untracked 
|  31|0x0000000085500000, 0x0000000085500000, 0x0000000085600000|  0%| F|  |TAMS 0x0000000085500000, 0x0000000085500000| Untracked 
|  32|0x0000000085600000, 0x0000000085600000, 0x0000000085700000|  0%| F|  |TAMS 0x0000000085600000, 0x0000000085600000| Untracked 
|  33|0x0000000085700000, 0x0000000085700000, 0x0000000085800000|  0%| F|  |TAMS 0x0000000085700000, 0x0000000085700000| Untracked 
|  34|0x0000000085800000, 0x0000000085800000, 0x0000000085900000|  0%| F|  |TAMS 0x0000000085800000, 0x0000000085800000| Untracked 
|  35|0x0000000085900000, 0x0000000085900000, 0x0000000085a00000|  0%| F|  |TAMS 0x0000000085900000, 0x0000000085900000| Untracked 
|  36|0x0000000085a00000, 0x0000000085a00000, 0x0000000085b00000|  0%| F|  |TAMS 0x0000000085a00000, 0x0000000085a00000| Untracked 
|  37|0x0000000085b00000, 0x0000000085b00000, 0x0000000085c00000|  0%| F|  |TAMS 0x0000000085b00000, 0x0000000085b00000| Untracked 
|  38|0x0000000085c00000, 0x0000000085c00000, 0x0000000085d00000|  0%| F|  |TAMS 0x0000000085c00000, 0x0000000085c00000| Untracked 
|  39|0x0000000085d00000, 0x0000000085d00000, 0x0000000085e00000|  0%| F|  |TAMS 0x0000000085d00000, 0x0000000085d00000| Untracked 
|  40|0x0000000085e00000, 0x0000000085e00000, 0x0000000085f00000|  0%| F|  |TAMS 0x0000000085e00000, 0x0000000085e00000| Untracked 
|  41|0x0000000085f00000, 0x0000000085f00000, 0x0000000086000000|  0%| F|  |TAMS 0x0000000085f00000, 0x0000000085f00000| Untracked 
|  42|0x0000000086000000, 0x0000000086000000, 0x0000000086100000|  0%| F|  |TAMS 0x0000000086000000, 0x0000000086000000| Untracked 
|  43|0x0000000086100000, 0x0000000086100000, 0x0000000086200000|  0%| F|  |TAMS 0x0000000086100000, 0x0000000086100000| Untracked 
|  44|0x0000000086200000, 0x0000000086200000, 0x0000000086300000|  0%| F|  |TAMS 0x0000000086200000, 0x0000000086200000| Untracked 
|  45|0x0000000086300000, 0x0000000086300000, 0x0000000086400000|  0%| F|  |TAMS 0x0000000086300000, 0x0000000086300000| Untracked 
|  46|0x0000000086400000, 0x0000000086400000, 0x0000000086500000|  0%| F|  |TAMS 0x0000000086400000, 0x0000000086400000| Untracked 
|  47|0x0000000086500000, 0x0000000086500000, 0x0000000086600000|  0%| F|  |TAMS 0x0000000086500000, 0x0000000086500000| Untracked 
|  48|0x0000000086600000, 0x0000000086600000, 0x0000000086700000|  0%| F|  |TAMS 0x0000000086600000, 0x0000000086600000| Untracked 
|  49|0x0000000086700000, 0x0000000086700000, 0x0000000086800000|  0%| F|  |TAMS 0x0000000086700000, 0x0000000086700000| Untracked 
|  94|0x0000000089400000, 0x0000000089400000, 0x0000000089500000|  0%| F|  |TAMS 0x0000000089400000, 0x0000000089400000| Untracked 
|  95|0x0000000089500000, 0x0000000089500000, 0x0000000089600000|  0%| F|  |TAMS 0x0000000089500000, 0x0000000089500000| Untracked 
|  96|0x0000000089600000, 0x0000000089600000, 0x0000000089700000|  0%| F|  |TAMS 0x0000000089600000, 0x0000000089600000| Untracked 
|  97|0x0000000089700000, 0x0000000089700000, 0x0000000089800000|  0%| F|  |TAMS 0x0000000089700000, 0x0000000089700000| Untracked 
|  98|0x0000000089800000, 0x0000000089884b30, 0x0000000089900000| 51%| S|CS|TAMS 0x0000000089800000, 0x0000000089800000| Complete 
| 125|0x000000008b300000, 0x000000008b300000, 0x000000008b400000|  0%| F|  |TAMS 0x000000008b300000, 0x000000008b300000| Untracked 
|1992|0x00000000ffe00000, 0x00000000fff00000, 0x00000000fff00000|100%| O|  |TAMS 0x00000000fff00000, 0x00000000fff00000| Untracked 
|1993|0x00000000fff00000, 0x0000000100000000, 0x0000000100000000|100%| O|  |TAMS 0x0000000100000000, 0x0000000100000000| Untracked 

Card table byte_map: [0x000001aaf1cb0000,0x000001aaf20a0000] _byte_map_base: 0x000001aaf1895000

Marking Bits (Prev, Next): (CMBitMap*) 0x000001aadf439400, (CMBitMap*) 0x000001aadf439440
 Prev Bits: [0x000001aaf2490000, 0x000001aaf43b8000)
 Next Bits: [0x000001aaf43c0000, 0x000001aaf62e8000)

Polling page: 0x000001aadd3b0000

Metaspace:

Usage:
  Non-class:     40.22 MB used.
      Class:      5.55 MB used.
       Both:     45.77 MB used.

Virtual space:
  Non-class space:       64.00 MB reserved,      40.31 MB ( 63%) committed,  1 nodes.
      Class space:        1.00 GB reserved,       5.62 MB ( <1%) committed,  1 nodes.
             Both:        1.06 GB reserved,      45.94 MB (  4%) committed. 

Chunk freelists:
   Non-Class:  7.58 MB
       Class:  10.33 MB
        Both:  17.90 MB

MaxMetaspaceSize: unlimited
CompressedClassSpaceSize: 1.00 GB
Initial GC threshold: 21.00 MB
Current GC threshold: 51.69 MB
CDS: off
MetaspaceReclaimPolicy: balanced
 - commit_granule_bytes: 65536.
 - commit_granule_words: 8192.
 - virtual_space_node_default_size: 8388608.
 - enlarge_chunks_in_place: 1.
 - new_chunks_are_fully_committed: 0.
 - uncommit_free_chunks: 1.
 - use_allocation_guard: 0.
 - handle_deallocations: 1.


Internal statistics:

num_allocs_failed_limit: 3.
num_arena_births: 184.
num_arena_deaths: 0.
num_vsnodes_births: 2.
num_vsnodes_deaths: 0.
num_space_committed: 733.
num_space_uncommitted: 0.
num_chunks_returned_to_freelist: 3.
num_chunks_taken_from_freelist: 1513.
num_chunk_merges: 3.
num_chunk_splits: 1261.
num_chunks_enlarged: 1137.
num_inconsistent_stats: 0.

CodeHeap 'non-profiled nmethods': size=120000Kb used=1539Kb max_used=1539Kb free=118460Kb
 bounds [0x000001aaea390000, 0x000001aaea600000, 0x000001aaf18c0000]
CodeHeap 'profiled nmethods': size=120000Kb used=7234Kb max_used=7234Kb free=112765Kb
 bounds [0x000001aae28c0000, 0x000001aae2fe0000, 0x000001aae9df0000]
CodeHeap 'non-nmethods': size=5760Kb used=1276Kb max_used=1320Kb free=4483Kb
 bounds [0x000001aae9df0000, 0x000001aaea060000, 0x000001aaea390000]
 total_blobs=4151 nmethods=3576 adapters=487
 compilation: enabled
              stopped_count=0, restarted_count=0
 full_count=0

Compilation events (20 events):
Event: 7.687 Thread 0x000001aaf8a910b0 3581       1       org.jetbrains.kotlin.config.LanguageVersionSettingsImpl::getApiVersion (5 bytes)
Event: 7.687 Thread 0x000001aaf8a910b0 nmethod 3581 0x000001aaea510510 code [0x000001aaea5106a0, 0x000001aaea510778]
Event: 7.687 Thread 0x000001aaf8a910b0 3582       1       org.jetbrains.kotlin.config.LanguageFeature::getSinceApiVersion (5 bytes)
Event: 7.687 Thread 0x000001aaf8a910b0 nmethod 3582 0x000001aaea510810 code [0x000001aaea5109a0, 0x000001aaea510a78]
Event: 7.687 Thread 0x000001aaf8a910b0 3583       1       org.jetbrains.kotlin.config.LanguageFeature::isEnabledWithWarning$util (5 bytes)
Event: 7.687 Thread 0x000001aaf8a910b0 nmethod 3583 0x000001aaea510b10 code [0x000001aaea510ca0, 0x000001aaea510d78]
Event: 7.687 Thread 0x000001aaf8a910b0 3584   !   3       org.jetbrains.kotlin.storage.LockBasedStorageManager::compute (60 bytes)
Event: 7.688 Thread 0x000001aaf8a910b0 nmethod 3584 0x000001aae2fcd210 code [0x000001aae2fcd420, 0x000001aae2fcd9d8]
Event: 7.691 Thread 0x000001aaf8a910b0 3585       3       org.jetbrains.kotlin.com.intellij.util.SmartList::<init> (5 bytes)
Event: 7.691 Thread 0x000001aaf8a910b0 nmethod 3585 0x000001aae2fcdc90 code [0x000001aae2fcde40, 0x000001aae2fce078]
Event: 7.691 Thread 0x000001aaf8a910b0 3586       3       org.jetbrains.kotlin.descriptors.impl.PackageFragmentDescriptorImpl::getContainingDeclaration (8 bytes)
Event: 7.692 Thread 0x000001aaf8a910b0 nmethod 3586 0x000001aae2fce190 code [0x000001aae2fce3c0, 0x000001aae2fcecd8]
Event: 7.692 Thread 0x000001aaf8a910b0 3588       3       kotlin.collections.AbstractMutableList::size (5 bytes)
Event: 7.692 Thread 0x000001aaf8a910b0 nmethod 3588 0x000001aae2fcef90 code [0x000001aae2fcf140, 0x000001aae2fcf368]
Event: 7.692 Thread 0x000001aaf8a910b0 3587       3       org.jetbrains.kotlin.descriptors.impl.PackageFragmentDescriptorImpl::getContainingDeclaration (14 bytes)
Event: 7.692 Thread 0x000001aaf8a910b0 nmethod 3587 0x000001aae2fcf490 code [0x000001aae2fcf6c0, 0x000001aae2fcfdf8]
Event: 7.692 Thread 0x000001aaf8a910b0 3589       3       gnu.trove.TObjectHash::computeHashCode (13 bytes)
Event: 7.693 Thread 0x000001aaf8a910b0 nmethod 3589 0x000001aae2fd0090 code [0x000001aae2fd0240, 0x000001aae2fd0488]
Event: 7.693 Thread 0x000001aaf8a910b0 3590       3       kotlin.internal.ProgressionUtilKt::mod (16 bytes)
Event: 7.693 Thread 0x000001aaf8a910b0 nmethod 3590 0x000001aae2fd0590 code [0x000001aae2fd0720, 0x000001aae2fd0878]

GC Heap History (20 events):
Event: 3.499 GC heap after
{Heap after GC invocations=5 (full 0):
 garbage-first heap   total 40960K, used 11583K [0x0000000083600000, 0x0000000100000000)
  region size 1024K, 6 young (6144K), 6 survivors (6144K)
 Metaspace       used 28645K, committed 28864K, reserved 1114112K
  class space    used 3566K, committed 3648K, reserved 1048576K
}
Event: 3.926 GC heap before
{Heap before GC invocations=5 (full 0):
 garbage-first heap   total 40960K, used 31039K [0x0000000083600000, 0x0000000100000000)
  region size 1024K, 24 young (24576K), 6 survivors (6144K)
 Metaspace       used 29446K, committed 29696K, reserved 1114112K
  class space    used 3621K, committed 3712K, reserved 1048576K
}
Event: 3.942 GC heap after
{Heap after GC invocations=6 (full 0):
 garbage-first heap   total 43008K, used 17667K [0x0000000083600000, 0x0000000100000000)
  region size 1024K, 3 young (3072K), 3 survivors (3072K)
 Metaspace       used 29446K, committed 29696K, reserved 1114112K
  class space    used 3621K, committed 3712K, reserved 1048576K
}
Event: 4.089 GC heap before
{Heap before GC invocations=6 (full 0):
 garbage-first heap   total 43008K, used 32003K [0x0000000083600000, 0x0000000100000000)
  region size 1024K, 15 young (15360K), 3 survivors (3072K)
 Metaspace       used 29594K, committed 29824K, reserved 1114112K
  class space    used 3621K, committed 3712K, reserved 1048576K
}
Event: 4.100 GC heap after
{Heap after GC invocations=7 (full 0):
 garbage-first heap   total 43008K, used 21377K [0x0000000083600000, 0x0000000100000000)
  region size 1024K, 2 young (2048K), 2 survivors (2048K)
 Metaspace       used 29594K, committed 29824K, reserved 1114112K
  class space    used 3621K, committed 3712K, reserved 1048576K
}
Event: 4.911 GC heap before
{Heap before GC invocations=7 (full 0):
 garbage-first heap   total 43008K, used 30593K [0x0000000083600000, 0x0000000100000000)
  region size 1024K, 11 young (11264K), 2 survivors (2048K)
 Metaspace       used 31218K, committed 31488K, reserved 1114112K
  class space    used 4007K, committed 4160K, reserved 1048576K
}
Event: 4.919 GC heap after
{Heap after GC invocations=8 (full 0):
 garbage-first heap   total 43008K, used 23451K [0x0000000083600000, 0x0000000100000000)
  region size 1024K, 2 young (2048K), 2 survivors (2048K)
 Metaspace       used 31218K, committed 31488K, reserved 1114112K
  class space    used 4007K, committed 4160K, reserved 1048576K
}
Event: 5.097 GC heap before
{Heap before GC invocations=9 (full 0):
 garbage-first heap   total 43008K, used 30619K [0x0000000083600000, 0x0000000100000000)
  region size 1024K, 10 young (10240K), 2 survivors (2048K)
 Metaspace       used 33772K, committed 34048K, reserved 1114112K
  class space    used 4300K, committed 4416K, reserved 1048576K
}
Event: 5.101 GC heap after
{Heap after GC invocations=10 (full 0):
 garbage-first heap   total 43008K, used 24047K [0x0000000083600000, 0x0000000100000000)
  region size 1024K, 1 young (1024K), 1 survivors (1024K)
 Metaspace       used 33772K, committed 34048K, reserved 1114112K
  class space    used 4300K, committed 4416K, reserved 1048576K
}
Event: 5.121 GC heap before
{Heap before GC invocations=10 (full 0):
 garbage-first heap   total 43008K, used 25071K [0x0000000083600000, 0x0000000100000000)
  region size 1024K, 2 young (2048K), 1 survivors (1024K)
 Metaspace       used 33854K, committed 34112K, reserved 1114112K
  class space    used 4305K, committed 4416K, reserved 1048576K
}
Event: 5.124 GC heap after
{Heap after GC invocations=11 (full 0):
 garbage-first heap   total 59392K, used 23710K [0x0000000083600000, 0x0000000100000000)
  region size 1024K, 1 young (1024K), 1 survivors (1024K)
 Metaspace       used 33854K, committed 34112K, reserved 1114112K
  class space    used 4305K, committed 4416K, reserved 1048576K
}
Event: 5.574 GC heap before
{Heap before GC invocations=11 (full 0):
 garbage-first heap   total 59392K, used 43166K [0x0000000083600000, 0x0000000100000000)
  region size 1024K, 19 young (19456K), 1 survivors (1024K)
 Metaspace       used 35470K, committed 35712K, reserved 1114112K
  class space    used 4489K, committed 4608K, reserved 1048576K
}
Event: 5.581 GC heap after
{Heap after GC invocations=12 (full 0):
 garbage-first heap   total 59392K, used 24660K [0x0000000083600000, 0x0000000100000000)
  region size 1024K, 3 young (3072K), 3 survivors (3072K)
 Metaspace       used 35470K, committed 35712K, reserved 1114112K
  class space    used 4489K, committed 4608K, reserved 1048576K
}
Event: 6.161 GC heap before
{Heap before GC invocations=12 (full 0):
 garbage-first heap   total 59392K, used 41044K [0x0000000083600000, 0x0000000100000000)
  region size 1024K, 20 young (20480K), 3 survivors (3072K)
 Metaspace       used 38985K, committed 39232K, reserved 1114112K
  class space    used 4820K, committed 4928K, reserved 1048576K
}
Event: 6.168 GC heap after
{Heap after GC invocations=13 (full 0):
 garbage-first heap   total 59392K, used 26637K [0x0000000083600000, 0x0000000100000000)
  region size 1024K, 2 young (2048K), 2 survivors (2048K)
 Metaspace       used 38985K, committed 39232K, reserved 1114112K
  class space    used 4820K, committed 4928K, reserved 1048576K
}
Event: 6.920 GC heap before
{Heap before GC invocations=13 (full 0):
 garbage-first heap   total 59392K, used 44045K [0x0000000083600000, 0x0000000100000000)
  region size 1024K, 19 young (19456K), 2 survivors (2048K)
 Metaspace       used 42942K, committed 43200K, reserved 1114112K
  class space    used 5225K, committed 5312K, reserved 1048576K
}
Event: 6.926 GC heap after
{Heap after GC invocations=14 (full 0):
 garbage-first heap   total 59392K, used 27997K [0x0000000083600000, 0x0000000100000000)
  region size 1024K, 2 young (2048K), 2 survivors (2048K)
 Metaspace       used 42942K, committed 43200K, reserved 1114112K
  class space    used 5225K, committed 5312K, reserved 1048576K
}
Event: 7.653 GC heap before
{Heap before GC invocations=14 (full 0):
 garbage-first heap   total 59392K, used 45405K [0x0000000083600000, 0x0000000100000000)
  region size 1024K, 19 young (19456K), 2 survivors (2048K)
 Metaspace       used 46817K, committed 46976K, reserved 1114112K
  class space    used 5681K, committed 5760K, reserved 1048576K
}
Event: 7.662 GC heap after
{Heap after GC invocations=15 (full 0):
 garbage-first heap   total 59392K, used 30225K [0x0000000083600000, 0x0000000100000000)
  region size 1024K, 3 young (3072K), 3 survivors (3072K)
 Metaspace       used 46817K, committed 46976K, reserved 1114112K
  class space    used 5681K, committed 5760K, reserved 1048576K
}
Event: 7.694 GC heap before
{Heap before GC invocations=15 (full 0):
 garbage-first heap   total 59392K, used 30225K [0x0000000083600000, 0x0000000100000000)
  region size 1024K, 4 young (4096K), 3 survivors (3072K)
 Metaspace       used 46871K, committed 47040K, reserved 1114112K
  class space    used 5683K, committed 5760K, reserved 1048576K
}

Dll operation events (2 events):
Event: 0.016 Loaded shared library D:\Program Files\Android\Android Studio\jbr\bin\java.dll
Event: 3.194 Loaded shared library D:\Program Files\Android\Android Studio\jbr\bin\verify.dll

Deoptimization events (20 events):
Event: 7.311 Thread 0x000001aadf3defe0 Uncommon trap: trap_request=0xffffff45 fr.pc=0x000001aaea497bc4 relative=0x0000000000000184
Event: 7.311 Thread 0x000001aadf3defe0 Uncommon trap: reason=unstable_if action=reinterpret pc=0x000001aaea497bc4 method=org.jetbrains.kotlin.com.intellij.util.SmartList.get(I)Ljava/lang/Object; @ 13 c2
Event: 7.311 Thread 0x000001aadf3defe0 DEOPT PACKING pc=0x000001aaea497bc4 sp=0x0000002c612fcaf0
Event: 7.311 Thread 0x000001aadf3defe0 DEOPT UNPACKING pc=0x000001aae9e4a1a3 sp=0x0000002c612fca18 mode 2
Event: 7.417 Thread 0x000001aadf3defe0 Uncommon trap: trap_request=0xffffffc6 fr.pc=0x000001aaea496f04 relative=0x00000000000005a4
Event: 7.417 Thread 0x000001aadf3defe0 Uncommon trap: reason=bimorphic_or_optimized_type_check action=maybe_recompile pc=0x000001aaea496f04 method=org.jetbrains.kotlin.protobuf.CodedInputStream.tryRefillBuffer(I)Z @ 177 c2
Event: 7.417 Thread 0x000001aadf3defe0 DEOPT PACKING pc=0x000001aaea496f04 sp=0x0000002c612f9210
Event: 7.417 Thread 0x000001aadf3defe0 DEOPT UNPACKING pc=0x000001aae9e4a1a3 sp=0x0000002c612f90f8 mode 2
Event: 7.418 Thread 0x000001aadf3defe0 Uncommon trap: trap_request=0xffffffc6 fr.pc=0x000001aaea496f04 relative=0x00000000000005a4
Event: 7.418 Thread 0x000001aadf3defe0 Uncommon trap: reason=bimorphic_or_optimized_type_check action=maybe_recompile pc=0x000001aaea496f04 method=org.jetbrains.kotlin.protobuf.CodedInputStream.tryRefillBuffer(I)Z @ 177 c2
Event: 7.418 Thread 0x000001aadf3defe0 DEOPT PACKING pc=0x000001aaea496f04 sp=0x0000002c612f8c40
Event: 7.418 Thread 0x000001aadf3defe0 DEOPT UNPACKING pc=0x000001aae9e4a1a3 sp=0x0000002c612f8b20 mode 2
Event: 7.420 Thread 0x000001aadf3defe0 Uncommon trap: trap_request=0xffffffc6 fr.pc=0x000001aaea496f04 relative=0x00000000000005a4
Event: 7.420 Thread 0x000001aadf3defe0 Uncommon trap: reason=bimorphic_or_optimized_type_check action=maybe_recompile pc=0x000001aaea496f04 method=org.jetbrains.kotlin.protobuf.CodedInputStream.tryRefillBuffer(I)Z @ 177 c2
Event: 7.420 Thread 0x000001aadf3defe0 DEOPT PACKING pc=0x000001aaea496f04 sp=0x0000002c612f8c40
Event: 7.420 Thread 0x000001aadf3defe0 DEOPT UNPACKING pc=0x000001aae9e4a1a3 sp=0x0000002c612f8b20 mode 2
Event: 7.420 Thread 0x000001aadf3defe0 Uncommon trap: trap_request=0xffffffc6 fr.pc=0x000001aaea496f04 relative=0x00000000000005a4
Event: 7.420 Thread 0x000001aadf3defe0 Uncommon trap: reason=bimorphic_or_optimized_type_check action=maybe_recompile pc=0x000001aaea496f04 method=org.jetbrains.kotlin.protobuf.CodedInputStream.tryRefillBuffer(I)Z @ 177 c2
Event: 7.420 Thread 0x000001aadf3defe0 DEOPT PACKING pc=0x000001aaea496f04 sp=0x0000002c612f9210
Event: 7.420 Thread 0x000001aadf3defe0 DEOPT UNPACKING pc=0x000001aae9e4a1a3 sp=0x0000002c612f90f8 mode 2

Classes unloaded (0 events):
No events

Classes redefined (0 events):
No events

Internal exceptions (20 events):
Event: 2.905 Thread 0x000001aadf3defe0 Exception <a 'java/lang/NoSuchMethodError'{0x00000000855a33f0}: 'int java.lang.invoke.DelegatingMethodHandle$Holder.reinvoke_L(java.lang.Object, java.lang.Object, java.lang.Object, long, int, int)'> (0x00000000855a33f0) 
thrown [s\src\hotspot\share\interpreter\linkResolver.cpp, line 771]
Event: 2.907 Thread 0x000001aadf3defe0 Exception <a 'java/lang/NoSuchMethodError'{0x00000000855b1d28}: 'int java.lang.invoke.DelegatingMethodHandle$Holder.reinvoke_L(java.lang.Object, java.lang.Object, java.lang.Object, long, long, long)'> (0x00000000855b1d28) 
thrown [s\src\hotspot\share\interpreter\linkResolver.cpp, line 771]
Event: 2.909 Thread 0x000001aadf3defe0 Exception <a 'java/lang/NoSuchMethodError'{0x00000000855c0340}: 'int java.lang.invoke.DelegatingMethodHandle$Holder.reinvoke_L(java.lang.Object, java.lang.Object, java.lang.Object, long, int)'> (0x00000000855c0340) 
thrown [s\src\hotspot\share\interpreter\linkResolver.cpp, line 771]
Event: 2.930 Thread 0x000001aadf3defe0 Exception <a 'java/lang/NoSuchMethodError'{0x0000000085467748}: 'int java.lang.invoke.DirectMethodHandle$Holder.invokeStaticInit(java.lang.Object, java.lang.Object, java.lang.Object)'> (0x0000000085467748) 
thrown [s\src\hotspot\share\interpreter\linkResolver.cpp, line 771]
Event: 2.938 Thread 0x000001aadf3defe0 Exception <a 'java/lang/NoSuchMethodError'{0x000000008548fa78}: 'int java.lang.invoke.DirectMethodHandle$Holder.invokeStaticInit(java.lang.Object, java.lang.Object)'> (0x000000008548fa78) 
thrown [s\src\hotspot\share\interpreter\linkResolver.cpp, line 771]
Event: 2.961 Thread 0x000001aadf3defe0 Exception <a 'java/lang/NoSuchMethodError'{0x000000008536f590}: 'void java.lang.invoke.DirectMethodHandle$Holder.invokeSpecial(java.lang.Object, java.lang.Object, java.lang.Object)'> (0x000000008536f590) 
thrown [s\src\hotspot\share\interpreter\linkResolver.cpp, line 771]
Event: 3.051 Thread 0x000001aadf3defe0 Exception <a 'java/lang/NoSuchMethodError'{0x0000000085097570}: 'void java.lang.invoke.DirectMethodHandle$Holder.invokeStatic(java.lang.Object, java.lang.Object, java.lang.Object, java.lang.Object)'> (0x0000000085097570) 
thrown [s\src\hotspot\share\interpreter\linkResolver.cpp, line 771]
Event: 3.149 Thread 0x000001aadf3defe0 Exception <a 'java/lang/NoSuchMethodError'{0x0000000084c555c8}: 'void java.lang.invoke.DirectMethodHandle$Holder.invokeStaticInit(java.lang.Object, java.lang.Object)'> (0x0000000084c555c8) 
thrown [s\src\hotspot\share\interpreter\linkResolver.cpp, line 771]
Event: 3.313 Thread 0x000001aadf3defe0 Exception <a 'java/lang/NoSuchMethodError'{0x00000000847e1260}: 'void java.lang.invoke.DirectMethodHandle$Holder.invokeVirtual(java.lang.Object, java.lang.Object)'> (0x00000000847e1260) 
thrown [s\src\hotspot\share\interpreter\linkResolver.cpp, line 771]
Event: 3.325 Thread 0x000001aadf3defe0 Exception <a 'java/lang/NoSuchMethodError'{0x000000008462e268}: 'int java.lang.invoke.DirectMethodHandle$Holder.invokeVirtual(java.lang.Object, java.lang.Object)'> (0x000000008462e268) 
thrown [s\src\hotspot\share\interpreter\linkResolver.cpp, line 771]
Event: 3.348 Thread 0x000001aadf3defe0 Exception <a 'java/lang/NoSuchMethodError'{0x00000000846c79d8}: 'java.lang.Object java.lang.invoke.Invokers$Holder.invokeExact_MT(java.lang.Object, java.lang.Object, java.lang.Object, java.lang.Object, java.lang.Object, java.lang.Object)'> (0x00000000846c79d8) 
thrown [s\src\hotspot\share\interpreter\linkResolver.cpp, line 771]
Event: 4.198 Thread 0x000001aadf3defe0 Implicit null exception at 0x000001aaea47997d to 0x000001aaea479bb0
Event: 4.973 Thread 0x000001aadf3defe0 Implicit null exception at 0x000001aaea3a8ff2 to 0x000001aaea3a9630
Event: 5.111 Thread 0x000001aadf3defe0 Implicit null exception at 0x000001aaea3ab3f2 to 0x000001aaea3aba48
Event: 5.170 Thread 0x000001aadf3defe0 Exception <a 'java/lang/NoSuchMethodError'{0x000000008966e068}: 'java.lang.Object java.lang.invoke.DirectMethodHandle$Holder.invokeVirtual(java.lang.Object, java.lang.Object, java.lang.Object)'> (0x000000008966e068) 
thrown [s\src\hotspot\share\interpreter\linkResolver.cpp, line 771]
Event: 5.651 Thread 0x000001aadf3defe0 Implicit null exception at 0x000001aaea47a177 to 0x000001aaea47a37c
Event: 6.918 Thread 0x000001aadf3defe0 Exception <a 'java/lang/NoSuchMethodError'{0x0000000085df4328}: 'java.lang.Object java.lang.invoke.DirectMethodHandle$Holder.newInvokeSpecial(java.lang.Object, java.lang.Object, int)'> (0x0000000085df4328) 
thrown [s\src\hotspot\share\interpreter\linkResolver.cpp, line 771]
Event: 7.336 Thread 0x000001aadf3defe0 Exception <a 'java/lang/NoSuchMethodError'{0x00000000894860c8}: 'java.lang.Object java.lang.invoke.DirectMethodHandle$Holder.newInvokeSpecial(java.lang.Object, java.lang.Object, java.lang.Object, int)'> (0x00000000894860c8) 
thrown [s\src\hotspot\share\interpreter\linkResolver.cpp, line 771]
Event: 7.337 Thread 0x000001aadf3defe0 Exception <a 'java/lang/NoSuchMethodError'{0x000000008948a750}: 'java.lang.Object java.lang.invoke.DirectMethodHandle$Holder.invokeSpecial(java.lang.Object, java.lang.Object, java.lang.Object, java.lang.Object, int)'> (0x000000008948a750) 
thrown [s\src\hotspot\share\interpreter\linkResolver.cpp, line 771]
Event: 7.337 Thread 0x000001aadf3defe0 Exception <a 'java/lang/NoSuchMethodError'{0x000000008948e5c0}: 'java.lang.Object java.lang.invoke.Invokers$Holder.linkToTargetMethod(java.lang.Object, java.lang.Object, int, java.lang.Object)'> (0x000000008948e5c0) 
thrown [s\src\hotspot\share\interpreter\linkResolver.cpp, line 771]

VM Operations (20 events):
Event: 6.926 Executing VM operation: G1CollectForAllocation done
Event: 7.051 Executing VM operation: HandshakeAllThreads
Event: 7.051 Executing VM operation: HandshakeAllThreads done
Event: 7.312 Executing VM operation: HandshakeAllThreads
Event: 7.312 Executing VM operation: HandshakeAllThreads done
Event: 7.334 Executing VM operation: HandshakeAllThreads
Event: 7.334 Executing VM operation: HandshakeAllThreads done
Event: 7.476 Executing VM operation: HandshakeAllThreads
Event: 7.476 Executing VM operation: HandshakeAllThreads done
Event: 7.538 Executing VM operation: HandshakeAllThreads
Event: 7.538 Executing VM operation: HandshakeAllThreads done
Event: 7.621 Executing VM operation: ICBufferFull
Event: 7.621 Executing VM operation: ICBufferFull done
Event: 7.640 Executing VM operation: HandshakeAllThreads
Event: 7.640 Executing VM operation: HandshakeAllThreads done
Event: 7.640 Executing VM operation: HandshakeAllThreads
Event: 7.640 Executing VM operation: HandshakeAllThreads done
Event: 7.653 Executing VM operation: G1CollectForAllocation
Event: 7.662 Executing VM operation: G1CollectForAllocation done
Event: 7.694 Executing VM operation: G1TryInitiateConcMark

Events (20 events):
Event: 7.595 loading class java/util/stream/IntStream
Event: 7.596 loading class java/util/stream/IntStream done
Event: 7.596 loading class java/util/stream/IntPipeline$Head
Event: 7.596 loading class java/util/stream/IntPipeline
Event: 7.597 loading class java/util/stream/IntPipeline done
Event: 7.597 loading class java/util/stream/IntPipeline$Head done
Event: 7.598 loading class java/util/stream/IntPipeline$1
Event: 7.598 loading class java/util/stream/IntPipeline$1 done
Event: 7.599 loading class java/util/stream/ReferencePipeline$2
Event: 7.599 loading class java/util/stream/ReferencePipeline$2 done
Event: 7.600 loading class java/util/stream/ReferencePipeline$2$1
Event: 7.600 loading class java/util/stream/ReferencePipeline$2$1 done
Event: 7.600 loading class java/util/stream/IntPipeline$1$1
Event: 7.600 loading class java/util/stream/Sink$ChainedInt
Event: 7.600 loading class java/util/stream/Sink$OfInt
Event: 7.600 loading class java/util/function/IntConsumer
Event: 7.600 loading class java/util/function/IntConsumer done
Event: 7.600 loading class java/util/stream/Sink$OfInt done
Event: 7.600 loading class java/util/stream/Sink$ChainedInt done
Event: 7.601 loading class java/util/stream/IntPipeline$1$1 done


Dynamic libraries:
0x00007ff6a3050000 - 0x00007ff6a305a000 	D:\Program Files\Android\Android Studio\jbr\bin\java.exe
0x00007ffec7d30000 - 0x00007ffec7f28000 	C:\Windows\SYSTEM32\ntdll.dll
0x00007ffec72f0000 - 0x00007ffec73b1000 	C:\Windows\System32\KERNEL32.DLL
0x00007ffec57b0000 - 0x00007ffec5aad000 	C:\Windows\System32\KERNELBASE.dll
0x00007ffec56b0000 - 0x00007ffec57b0000 	C:\Windows\System32\ucrtbase.dll
0x00007ffeb8d70000 - 0x00007ffeb8d87000 	D:\Program Files\Android\Android Studio\jbr\bin\jli.dll
0x00007ffec6710000 - 0x00007ffec68ad000 	C:\Windows\System32\USER32.dll
0x00007ffec5b50000 - 0x00007ffec5b72000 	C:\Windows\System32\win32u.dll
0x00007ffec7c10000 - 0x00007ffec7c3b000 	C:\Windows\System32\GDI32.dll
0x00007ffec5590000 - 0x00007ffec56a7000 	C:\Windows\System32\gdi32full.dll
0x00007ffec5ab0000 - 0x00007ffec5b4d000 	C:\Windows\System32\msvcp_win.dll
0x00007ffebc2d0000 - 0x00007ffebc2eb000 	D:\Program Files\Android\Android Studio\jbr\bin\VCRUNTIME140.dll
0x00007ffea5c10000 - 0x00007ffea5eaa000 	C:\Windows\WinSxS\amd64_microsoft.windows.common-controls_6595b64144ccf1df_6.0.19041.4355_none_60b8b9eb71f62e16\COMCTL32.dll
0x00007ffec61d0000 - 0x00007ffec626e000 	C:\Windows\System32\msvcrt.dll
0x00007ffec6530000 - 0x00007ffec655f000 	C:\Windows\System32\IMM32.DLL
0x00007ffeb9ed0000 - 0x00007ffeb9edc000 	D:\Program Files\Android\Android Studio\jbr\bin\vcruntime140_1.dll
0x00007ffe8c5d0000 - 0x00007ffe8c65d000 	D:\Program Files\Android\Android Studio\jbr\bin\msvcp140.dll
0x00007ffe03650000 - 0x00007ffe042d3000 	D:\Program Files\Android\Android Studio\jbr\bin\server\jvm.dll
0x00007ffec6420000 - 0x00007ffec64d0000 	C:\Windows\System32\ADVAPI32.dll
0x00007ffec76f0000 - 0x00007ffec7790000 	C:\Windows\System32\sechost.dll
0x00007ffec7150000 - 0x00007ffec7273000 	C:\Windows\System32\RPCRT4.dll
0x00007ffec5b80000 - 0x00007ffec5ba7000 	C:\Windows\System32\bcrypt.dll
0x00007ffec5240000 - 0x00007ffec528b000 	C:\Windows\SYSTEM32\POWRPROF.dll
0x00007ffeb1cc0000 - 0x00007ffeb1cc9000 	C:\Windows\SYSTEM32\WSOCK32.dll
0x00007ffec7280000 - 0x00007ffec72eb000 	C:\Windows\System32\WS2_32.dll
0x00007ffea1f20000 - 0x00007ffea1f47000 	C:\Windows\SYSTEM32\WINMM.dll
0x00007ffeb8d50000 - 0x00007ffeb8d5a000 	C:\Windows\SYSTEM32\VERSION.dll
0x00007ffec5220000 - 0x00007ffec5232000 	C:\Windows\SYSTEM32\UMPDC.dll
0x00007ffec3c00000 - 0x00007ffec3c12000 	C:\Windows\SYSTEM32\kernel.appcore.dll
0x00007ffebc3b0000 - 0x00007ffebc3ba000 	D:\Program Files\Android\Android Studio\jbr\bin\jimage.dll
0x00007ffebf340000 - 0x00007ffebf524000 	C:\Windows\SYSTEM32\DBGHELP.DLL
0x00007ffea4390000 - 0x00007ffea43c4000 	C:\Windows\SYSTEM32\dbgcore.DLL
0x00007ffec5500000 - 0x00007ffec5582000 	C:\Windows\System32\bcryptPrimitives.dll
0x00007ffeb9a00000 - 0x00007ffeb9a25000 	D:\Program Files\Android\Android Studio\jbr\bin\java.dll
0x00007ffeba560000 - 0x00007ffeba578000 	D:\Program Files\Android\Android Studio\jbr\bin\zip.dll
0x00007ffec68b0000 - 0x00007ffec701f000 	C:\Windows\System32\SHELL32.dll
0x00007ffec3440000 - 0x00007ffec3be3000 	C:\Windows\SYSTEM32\windows.storage.dll
0x00007ffec7790000 - 0x00007ffec7ae3000 	C:\Windows\System32\combase.dll
0x00007ffec4d40000 - 0x00007ffec4d6e000 	C:\Windows\SYSTEM32\Wldp.dll
0x00007ffec7540000 - 0x00007ffec760d000 	C:\Windows\System32\OLEAUT32.dll
0x00007ffec7c40000 - 0x00007ffec7ced000 	C:\Windows\System32\SHCORE.dll
0x00007ffec62d0000 - 0x00007ffec6325000 	C:\Windows\System32\shlwapi.dll
0x00007ffec5310000 - 0x00007ffec5334000 	C:\Windows\SYSTEM32\profapi.dll
0x00007ffeba390000 - 0x00007ffeba3a9000 	D:\Program Files\Android\Android Studio\jbr\bin\net.dll
0x00007ffeac830000 - 0x00007ffeac93d000 	C:\Windows\SYSTEM32\WINHTTP.dll
0x00007ffec4aa0000 - 0x00007ffec4b0a000 	C:\Windows\system32\mswsock.dll
0x00007ffeb9ee0000 - 0x00007ffeb9ef6000 	D:\Program Files\Android\Android Studio\jbr\bin\nio.dll
0x00007ffeb9960000 - 0x00007ffeb9970000 	D:\Program Files\Android\Android Studio\jbr\bin\verify.dll

dbghelp: loaded successfully - version: 4.0.5 - missing functions: none
symbol engine: initialized successfully - sym options: 0x614 - pdb path: .;D:\Program Files\Android\Android Studio\jbr\bin;C:\Windows\SYSTEM32;C:\Windows\WinSxS\amd64_microsoft.windows.common-controls_6595b64144ccf1df_6.0.19041.4355_none_60b8b9eb71f62e16;D:\Program Files\Android\Android Studio\jbr\bin\server

VM Arguments:
java_command: org.jetbrains.kotlin.cli.jvm.K2JVMCompiler @D:\Users\Korisnik\AndroidStudioProjects\RMAS\app\build\20240916_7221938970047876155.compiler.options
java_class_path (initial): C:\Users\Korisnik\.gradle\caches\modules-2\files-2.1\org.jetbrains.kotlin\kotlin-compiler-embeddable\1.9.0\2c8c3a7402becca891f12739b3e9fd2dc2adbd7a\kotlin-compiler-embeddable-1.9.0.jar;C:\Users\Korisnik\.gradle\caches\modules-2\files-2.1\org.jetbrains.kotlin\kotlin-stdlib\1.9.0\8ee15ef0c67dc83d874f412d84378d7f0eb50b63\kotlin-stdlib-1.9.0.jar;C:\Users\Korisnik\.gradle\caches\modules-2\files-2.1\org.jetbrains.kotlin\kotlin-script-runtime\1.9.0\4b3102cbbb7e1b58d9d1adf89563f00069ffa7d1\kotlin-script-runtime-1.9.0.jar;C:\Users\Korisnik\.gradle\caches\modules-2\files-2.1\org.jetbrains.kotlin\kotlin-reflect\1.6.10\1cbe9c92c12a94eea200d23c2bbaedaf3daf5132\kotlin-reflect-1.6.10.jar;C:\Users\Korisnik\.gradle\caches\modules-2\files-2.1\org.jetbrains.kotlin\kotlin-daemon-embeddable\1.9.0\186543f5e28cf8d9a0290fecc2cf34301c40a65c\kotlin-daemon-embeddable-1.9.0.jar;C:\Users\Korisnik\.gradle\caches\modules-2\files-2.1\org.jetbrains.intellij.deps\trove4j\1.0.20200330\3afb14d5f9ceb459d724e907a21145e8ff394f02\trove4j-1.0.20200330.jar;C:\Users\Korisnik\.gradle\caches\modules-2\files-2.1\org.jetbrains.kotlin\kotlin-stdlib-common\1.9.0\cd65c21cfd1eec4d44ef09f9f52b6d9f8a720636\kotlin-stdlib-common-1.9.0.jar;C:\Users\Korisnik\.gradle\caches\modules-2\files-2.1\org.jetbrains\annotations\13.0\919f0dfe192fb4e063e7dacadee7f8bb9a2672a9\annotations-13.0.jar
Launcher Type: SUN_STANDARD

[Global flags]
     intx CICompilerCount                          = 3                                         {product} {ergonomic}
     uint ConcGCThreads                            = 1                                         {product} {ergonomic}
     uint G1ConcRefinementThreads                  = 4                                         {product} {ergonomic}
   size_t G1HeapRegionSize                         = 1048576                                   {product} {ergonomic}
    uintx GCDrainStackTargetSize                   = 64                                        {product} {ergonomic}
   size_t InitialHeapSize                          = 132120576                                 {product} {ergonomic}
   size_t MarkStackSize                            = 4194304                                   {product} {ergonomic}
   size_t MaxHeapSize                              = 2090860544                                {product} {ergonomic}
   size_t MaxNewSize                               = 1254096896                                {product} {ergonomic}
   size_t MinHeapDeltaBytes                        = 1048576                                   {product} {ergonomic}
   size_t MinHeapSize                              = 8388608                                   {product} {ergonomic}
    uintx NonNMethodCodeHeapSize                   = 5832780                                {pd product} {ergonomic}
    uintx NonProfiledCodeHeapSize                  = 122912730                              {pd product} {ergonomic}
    uintx ProfiledCodeHeapSize                     = 122912730                              {pd product} {ergonomic}
    uintx ReservedCodeCacheSize                    = 251658240                              {pd product} {ergonomic}
     bool SegmentedCodeCache                       = true                                      {product} {ergonomic}
   size_t SoftMaxHeapSize                          = 2090860544                             {manageable} {ergonomic}
     bool UseCompressedClassPointers               = true                           {product lp64_product} {ergonomic}
     bool UseCompressedOops                        = true                           {product lp64_product} {ergonomic}
     bool UseG1GC                                  = true                                      {product} {ergonomic}
     bool UseLargePagesIndividualAllocation        = false                                  {pd product} {ergonomic}

Logging:
Log output configuration:
 #0: stdout all=warning uptime,level,tags
 #1: stderr all=off uptime,level,tags

Environment Variables:
JAVA_HOME=C:\Users\Korisnik\Downloads\jdk-22_windows-x64_bin\jdk-22.0.2
PATH=D:\app\Korisnik\product\21c\dbhomeXE\bin;C:\Program Files\Microsoft MPI\Bin\;C:\Users\Korisnik\Downloads\jdk-21_windows-x64_bin\jdk-21.0.1\bin;C:\Program Files\Common Files\Oracle\Java\javapath;C:\Program Files\Microsoft\jdk-11.0.12.7-hotspot\bin;C:\Program Files (x86)\Common Files\Oracle\Java\javapath;C:\Windows\system32;C:\Windows;C:\Windows\System32\Wbem;C:\Windows\System32\WindowsPowerShell\v1.0\;C:\Windows\System32\OpenSSH\;C:\Program Files\dotnet\;C:\Program Files\Git\cmd;C:\Program Files\Azure Data Studio\bin;C:\Program Files (x86)\Microsoft SQL Server\160\Tools\Binn\;C:\Program Files\Microsoft SQL Server\160\Tools\Binn\;C:\Program Files\Microsoft SQL Server\Client SDK\ODBC\170\Tools\Binn\;C:\Program Files\Microsoft SQL Server\160\DTS\Binn\;D:\Program Files\nodejs\;C:\Users\Korisnik\AppData\Local\Microsoft\WindowsApps;C:\Users\Korisnik\.dotnet\tools;C:\Users\Korisnik\AppData\Local\Programs\Azure Data Studio\bin;C:\Program Files\Azure Data Studio\bin;D:\Users\Korisnik\AppData\Local\Programs\Microsoft VS Code\bin;C:\Users\Korisnik\AppData\Roaming\npm
USERNAME=Korisnik
OS=Windows_NT
PROCESSOR_IDENTIFIER=Intel64 Family 6 Model 126 Stepping 5, GenuineIntel
TMP=C:\Users\Korisnik\AppData\Local\Temp
TEMP=C:\Users\Korisnik\AppData\Local\Temp



Periodic native trim disabled

JNI global refs:
JNI global refs: 7, weak refs: 1

JNI global refs memory usage: 843, weak refs: 841

Process memory usage:
Resident Set Size: 188232K (2% of 8165168K total physical memory with 388548K free physical memory)

OOME stack traces (most recent first):
Classloader memory used:
Loader jdk.internal.loader.ClassLoaders$AppClassLoader                                 : 4539K
Loader bootstrap                                                                       : 1292K
Loader java.net.URLClassLoader                                                         : 19905B
Loader jdk.internal.reflect.DelegatingClassLoader                                      : 8599B


---------------  S Y S T E M  ---------------

OS:
 Windows 10 , 64 bit Build 19041 (10.0.19041.4842)
OS uptime: 0 days 16:26 hours

CPU: total 4 (initial active 4) (2 cores per cpu, 2 threads per core) family 6 model 126 stepping 5 microcode 0xa6, cx8, cmov, fxsr, ht, mmx, 3dnowpref, sse, sse2, sse3, ssse3, sse4.1, sse4.2, popcnt, lzcnt, tsc, tscinvbit, avx, avx2, aes, erms, clmul, bmi1, bmi2, adx, avx512f, avx512dq, avx512cd, avx512bw, avx512vl, sha, fma, vzeroupper, avx512_vpopcntdq, avx512_vpclmulqdq, avx512_vaes, avx512_vnni, clflush, clflushopt, avx512_vbmi2, avx512_vbmi
Processor Information for all 4 processors :
  Max Mhz: 1190, Current Mhz: 1190, Mhz Limit: 1190

Memory: 4k page, system-wide physical 7973M (377M free)
TotalPageFile size 13607M (AvailPageFile size 9M)
current process WorkingSet (physical memory assigned to process): 183M, peak: 184M
current process commit charge ("private bytes"): 213M, peak: 242M

vm_info: OpenJDK 64-Bit Server VM (17.0.11+0--11852314) for windows-amd64 JRE (17.0.11+0--11852314), built on May 16 2024 21:29:20 by "androidbuild" with MS VC++ 16.10 / 16.11 (VS2019)

END.
